<?xml version="1.0" encoding="UTF-8"?>
<!-- Generated by org.testng.reporters.JUnitXMLReporter -->
<testsuite ignored="0" hostname="DESKTOP-A97C1A1" failures="0" tests="4" name="Test" time="16.017" errors="0" timestamp="2023-07-03T12:58:11 IST">
  <testcase classname="Test_Classes.Post_TC1" name="Extractor" time="6.608"/>
  <testcase classname="Test_Classes.Put_TC1" name="Extractor" time="2.969"/>
  <testcase classname="Test_Classes.Post_Retry" name="Extractor" time="3.335"/>
  <testcase classname="Test_Classes.Patch_TC1" name="Extractor" time="2.904"/>
</testsuite> <!-- Test -->
