<?xml version="1.0" encoding="UTF-8"?>
<testng-results ignored="0" total="4" passed="4" failed="0" skipped="0">
  <reporter-output>
  </reporter-output>
  <suite started-at="2023-07-03T12:57:55 IST" name="Suite" finished-at="2023-07-03T12:58:11 IST" duration-ms="16017">
    <groups>
    </groups>
    <test started-at="2023-07-03T12:57:55 IST" name="Test" finished-at="2023-07-03T12:58:11 IST" duration-ms="16017">
      <class name="Test_Classes.Patch_TC1">
        <test-method signature="Extractor()[pri:0, instance:Test_Classes.Patch_TC1@5e2c3d18]" started-at="2023-07-03T12:58:09 IST" name="Extractor" finished-at="2023-07-03T12:58:11 IST" duration-ms="2904" status="PASS">
          <reporter-output>
          </reporter-output>
        </test-method> <!-- Extractor -->
      </class> <!-- Test_Classes.Patch_TC1 -->
      <class name="Test_Classes.Post_TC1">
        <test-method signature="Extractor()[pri:0, instance:Test_Classes.Post_TC1@3ba987b8]" started-at="2023-07-03T12:57:55 IST" name="Extractor" finished-at="2023-07-03T12:58:02 IST" duration-ms="6608" status="PASS">
          <reporter-output>
          </reporter-output>
        </test-method> <!-- Extractor -->
      </class> <!-- Test_Classes.Post_TC1 -->
      <class name="Test_Classes.Post_Retry">
        <test-method signature="Extractor()[pri:0, instance:Test_Classes.Post_Retry@7a35b0f5]" started-at="2023-07-03T12:58:05 IST" name="Extractor" finished-at="2023-07-03T12:58:08 IST" duration-ms="3335" status="PASS">
          <reporter-output>
          </reporter-output>
        </test-method> <!-- Extractor -->
      </class> <!-- Test_Classes.Post_Retry -->
      <class name="Test_Classes.Put_TC1">
        <test-method signature="Extractor()[pri:0, instance:Test_Classes.Put_TC1@68c9133c]" started-at="2023-07-03T12:58:02 IST" name="Extractor" finished-at="2023-07-03T12:58:05 IST" duration-ms="2969" status="PASS">
          <reporter-output>
          </reporter-output>
        </test-method> <!-- Extractor -->
      </class> <!-- Test_Classes.Put_TC1 -->
    </test> <!-- Test -->
  </suite> <!-- Suite -->
</testng-results>
